<?xml version="1.0" encoding="UTF-8"?>
<coverage generated="1747709260428" clover="3.2.0">
  <project timestamp="1747709260429" name="All files">
    <metrics statements="967" coveredstatements="745" conditionals="223" coveredconditionals="116" methods="121" coveredmethods="106" elements="1311" coveredelements="967" complexity="0" loc="967" ncloc="967" packages="7" files="18" classes="18"/>
    <package name="adapters.db">
      <metrics statements="617" coveredstatements="491" conditionals="126" coveredconditionals="65" methods="72" coveredmethods="68"/>
      <file name="index.ts" path="/home/null/projects/AuthX/src/adapters/db/index.ts">
        <metrics statements="12" coveredstatements="0" conditionals="4" coveredconditionals="0" methods="4" coveredmethods="0"/>
        <line num="3" count="0" type="stmt"/>
        <line num="4" count="0" type="stmt"/>
        <line num="5" count="0" type="stmt"/>
        <line num="12" count="0" type="stmt"/>
        <line num="13" count="0" type="cond" truecount="0" falsecount="4"/>
        <line num="15" count="0" type="stmt"/>
        <line num="17" count="0" type="stmt"/>
        <line num="19" count="0" type="stmt"/>
        <line num="21" count="0" type="stmt"/>
        <line num="26" count="0" type="stmt"/>
        <line num="27" count="0" type="stmt"/>
        <line num="28" count="0" type="stmt"/>
      </file>
      <file name="mongodb.ts" path="/home/null/projects/AuthX/src/adapters/db/mongodb.ts">
        <metrics statements="134" coveredstatements="118" conditionals="33" coveredconditionals="18" methods="22" coveredmethods="22"/>
        <line num="4" count="1" type="stmt"/>
        <line num="9" count="1" type="stmt"/>
        <line num="11" count="38" type="stmt"/>
        <line num="12" count="38" type="stmt"/>
        <line num="13" count="38" type="stmt"/>
        <line num="16" count="38" type="stmt"/>
        <line num="23" count="2" type="stmt"/>
        <line num="24" count="2" type="stmt"/>
        <line num="25" count="2" type="stmt"/>
        <line num="27" count="1" type="stmt"/>
        <line num="28" count="1" type="stmt"/>
        <line num="29" count="1" type="stmt"/>
        <line num="32" count="1" type="stmt"/>
        <line num="33" count="1" type="stmt"/>
        <line num="34" count="1" type="stmt"/>
        <line num="35" count="1" type="stmt"/>
        <line num="37" count="1" type="stmt"/>
        <line num="39" count="1" type="stmt"/>
        <line num="40" count="1" type="stmt"/>
        <line num="48" count="2" type="cond" truecount="1" falsecount="0"/>
        <line num="49" count="1" type="stmt"/>
        <line num="50" count="1" type="stmt"/>
        <line num="51" count="1" type="stmt"/>
        <line num="52" count="1" type="stmt"/>
        <line num="53" count="1" type="stmt"/>
        <line num="63" count="2" type="cond" truecount="1" falsecount="0"/>
        <line num="64" count="1" type="stmt"/>
        <line num="67" count="2" type="stmt"/>
        <line num="68" count="2" type="stmt"/>
        <line num="79" count="2" type="stmt"/>
        <line num="81" count="2" type="stmt"/>
        <line num="91" count="3" type="cond" truecount="0" falsecount="1"/>
        <line num="92" count="0" type="stmt"/>
        <line num="95" count="3" type="stmt"/>
        <line num="96" count="3" type="stmt"/>
        <line num="98" count="2" type="cond" truecount="1" falsecount="0"/>
        <line num="99" count="1" type="stmt"/>
        <line num="102" count="1" type="stmt"/>
        <line num="104" count="1" type="stmt"/>
        <line num="105" count="1" type="stmt"/>
        <line num="113" count="2" type="cond" truecount="0" falsecount="1"/>
        <line num="114" count="0" type="stmt"/>
        <line num="117" count="2" type="stmt"/>
        <line num="119" count="2" type="cond" truecount="1" falsecount="0"/>
        <line num="120" count="1" type="stmt"/>
        <line num="123" count="1" type="stmt"/>
        <line num="130" count="2" type="cond" truecount="0" falsecount="1"/>
        <line num="131" count="0" type="stmt"/>
        <line num="134" count="2" type="stmt"/>
        <line num="139" count="2" type="stmt"/>
        <line num="145" count="2" type="cond" truecount="1" falsecount="0"/>
        <line num="146" count="1" type="stmt"/>
        <line num="149" count="1" type="stmt"/>
        <line num="156" count="2" type="cond" truecount="0" falsecount="1"/>
        <line num="157" count="0" type="stmt"/>
        <line num="160" count="2" type="stmt"/>
        <line num="162" count="2" type="stmt"/>
        <line num="171" count="1" type="cond" truecount="0" falsecount="1"/>
        <line num="172" count="0" type="stmt"/>
        <line num="175" count="1" type="stmt"/>
        <line num="176" count="1" type="stmt"/>
        <line num="184" count="1" type="stmt"/>
        <line num="186" count="1" type="stmt"/>
        <line num="196" count="2" type="cond" truecount="0" falsecount="1"/>
        <line num="197" count="0" type="stmt"/>
        <line num="200" count="2" type="stmt"/>
        <line num="201" count="2" type="stmt"/>
        <line num="203" count="2" type="cond" truecount="1" falsecount="0"/>
        <line num="204" count="1" type="stmt"/>
        <line num="207" count="1" type="stmt"/>
        <line num="209" count="0" type="stmt"/>
        <line num="210" count="0" type="stmt"/>
        <line num="218" count="2" type="cond" truecount="0" falsecount="1"/>
        <line num="219" count="0" type="stmt"/>
        <line num="222" count="2" type="stmt"/>
        <line num="224" count="2" type="cond" truecount="1" falsecount="0"/>
        <line num="225" count="1" type="stmt"/>
        <line num="228" count="1" type="stmt"/>
        <line num="235" count="2" type="cond" truecount="0" falsecount="1"/>
        <line num="236" count="0" type="stmt"/>
        <line num="239" count="2" type="stmt"/>
        <line num="244" count="2" type="stmt"/>
        <line num="250" count="2" type="cond" truecount="1" falsecount="0"/>
        <line num="251" count="1" type="stmt"/>
        <line num="254" count="1" type="stmt"/>
        <line num="261" count="2" type="cond" truecount="0" falsecount="1"/>
        <line num="262" count="0" type="stmt"/>
        <line num="265" count="2" type="stmt"/>
        <line num="267" count="2" type="stmt"/>
        <line num="276" count="3" type="cond" truecount="0" falsecount="1"/>
        <line num="277" count="0" type="stmt"/>
        <line num="281" count="3" type="stmt"/>
        <line num="282" count="3" type="cond" truecount="1" falsecount="0"/>
        <line num="283" count="1" type="stmt"/>
        <line num="286" count="2" type="stmt"/>
        <line num="291" count="2" type="stmt"/>
        <line num="298" count="3" type="cond" truecount="0" falsecount="1"/>
        <line num="299" count="0" type="stmt"/>
        <line num="303" count="3" type="stmt"/>
        <line num="304" count="3" type="cond" truecount="1" falsecount="0"/>
        <line num="305" count="1" type="stmt"/>
        <line num="308" count="2" type="stmt"/>
        <line num="309" count="2" type="cond" truecount="1" falsecount="0"/>
        <line num="310" count="1" type="stmt"/>
        <line num="313" count="2" type="stmt"/>
        <line num="315" count="1" type="stmt"/>
        <line num="320" count="1" type="stmt"/>
        <line num="327" count="3" type="cond" truecount="0" falsecount="1"/>
        <line num="328" count="0" type="stmt"/>
        <line num="331" count="3" type="stmt"/>
        <line num="332" count="3" type="cond" truecount="1" falsecount="0"/>
        <line num="333" count="1" type="stmt"/>
        <line num="336" count="2" type="stmt"/>
        <line num="338" count="4" type="stmt"/>
        <line num="339" count="4" type="cond" truecount="1" falsecount="0"/>
        <line num="340" count="1" type="stmt"/>
        <line num="342" count="3" type="stmt"/>
        <line num="346" count="1" type="stmt"/>
        <line num="355" count="2" type="cond" truecount="0" falsecount="1"/>
        <line num="356" count="0" type="stmt"/>
        <line num="359" count="2" type="stmt"/>
        <line num="364" count="2" type="cond" truecount="1" falsecount="0"/>
        <line num="365" count="1" type="stmt"/>
        <line num="368" count="1" type="stmt"/>
        <line num="375" count="2" type="cond" truecount="0" falsecount="1"/>
        <line num="376" count="0" type="stmt"/>
        <line num="379" count="2" type="stmt"/>
        <line num="381" count="2" type="cond" truecount="1" falsecount="0"/>
        <line num="382" count="1" type="stmt"/>
        <line num="385" count="1" type="stmt"/>
        <line num="392" count="5" type="stmt"/>
        <line num="393" count="5" type="stmt"/>
        <line num="403" count="3" type="stmt"/>
        <line num="404" count="3" type="stmt"/>
      </file>
      <file name="mysql.ts" path="/home/null/projects/AuthX/src/adapters/db/mysql.ts">
        <metrics statements="228" coveredstatements="179" conditionals="59" coveredconditionals="28" methods="24" coveredmethods="24"/>
        <line num="4" count="1" type="stmt"/>
        <line num="9" count="1" type="stmt"/>
        <line num="11" count="40" type="stmt"/>
        <line num="14" count="40" type="stmt"/>
        <line num="21" count="2" type="stmt"/>
        <line num="22" count="2" type="stmt"/>
        <line num="25" count="2" type="stmt"/>
        <line num="27" count="1" type="stmt"/>
        <line num="29" count="1" type="stmt"/>
        <line num="30" count="1" type="stmt"/>
        <line num="38" count="2" type="cond" truecount="1" falsecount="0"/>
        <line num="39" count="1" type="stmt"/>
        <line num="40" count="1" type="stmt"/>
        <line num="41" count="1" type="stmt"/>
        <line num="49" count="2" type="cond" truecount="0" falsecount="1"/>
        <line num="50" count="0" type="stmt"/>
        <line num="53" count="2" type="stmt"/>
        <line num="55" count="2" type="stmt"/>
        <line num="77" count="1" type="stmt"/>
        <line num="90" count="1" type="stmt"/>
        <line num="91" count="1" type="stmt"/>
        <line num="92" count="2" type="stmt"/>
        <line num="98" count="1" type="stmt"/>
        <line num="99" count="1" type="stmt"/>
        <line num="109" count="2" type="cond" truecount="1" falsecount="0"/>
        <line num="110" count="1" type="stmt"/>
        <line num="113" count="2" type="stmt"/>
        <line num="114" count="2" type="cond" truecount="2" falsecount="0"/>
        <line num="116" count="2" type="stmt"/>
        <line num="133" count="2" type="stmt"/>
        <line num="138" count="2" type="cond" truecount="0" falsecount="1"/>
        <line num="139" count="0" type="stmt"/>
        <line num="142" count="2" type="stmt"/>
        <line num="149" count="14" type="cond" truecount="0" falsecount="1"/>
        <line num="150" count="0" type="stmt"/>
        <line num="153" count="14" type="stmt"/>
        <line num="154" count="14" type="stmt"/>
        <line num="159" count="12" type="cond" truecount="1" falsecount="0"/>
        <line num="160" count="4" type="stmt"/>
        <line num="163" count="8" type="stmt"/>
        <line num="165" count="2" type="stmt"/>
        <line num="166" count="2" type="stmt"/>
        <line num="174" count="2" type="cond" truecount="0" falsecount="1"/>
        <line num="175" count="0" type="stmt"/>
        <line num="178" count="2" type="stmt"/>
        <line num="179" count="2" type="stmt"/>
        <line num="184" count="2" type="cond" truecount="1" falsecount="0"/>
        <line num="185" count="1" type="stmt"/>
        <line num="188" count="1" type="stmt"/>
        <line num="190" count="0" type="stmt"/>
        <line num="191" count="0" type="stmt"/>
        <line num="199" count="2" type="cond" truecount="0" falsecount="1"/>
        <line num="200" count="0" type="stmt"/>
        <line num="203" count="2" type="stmt"/>
        <line num="205" count="2" type="stmt"/>
        <line num="206" count="2" type="stmt"/>
        <line num="208" count="2" type="cond" truecount="0" falsecount="1"/>
        <line num="209" count="0" type="stmt"/>
        <line num="210" count="0" type="stmt"/>
        <line num="213" count="2" type="cond" truecount="0" falsecount="1"/>
        <line num="214" count="0" type="stmt"/>
        <line num="215" count="0" type="stmt"/>
        <line num="218" count="2" type="cond" truecount="1" falsecount="0"/>
        <line num="219" count="2" type="stmt"/>
        <line num="220" count="2" type="stmt"/>
        <line num="223" count="2" type="cond" truecount="1" falsecount="0"/>
        <line num="224" count="1" type="stmt"/>
        <line num="225" count="1" type="stmt"/>
        <line num="228" count="2" type="cond" truecount="0" falsecount="1"/>
        <line num="229" count="0" type="stmt"/>
        <line num="230" count="0" type="stmt"/>
        <line num="233" count="2" type="cond" truecount="0" falsecount="1"/>
        <line num="234" count="0" type="stmt"/>
        <line num="235" count="0" type="stmt"/>
        <line num="238" count="2" type="cond" truecount="0" falsecount="1"/>
        <line num="239" count="0" type="stmt"/>
        <line num="240" count="0" type="stmt"/>
        <line num="243" count="2" type="cond" truecount="0" falsecount="1"/>
        <line num="244" count="0" type="stmt"/>
        <line num="245" count="0" type="stmt"/>
        <line num="248" count="2" type="cond" truecount="0" falsecount="1"/>
        <line num="249" count="0" type="stmt"/>
        <line num="250" count="0" type="stmt"/>
        <line num="253" count="2" type="cond" truecount="0" falsecount="1"/>
        <line num="254" count="0" type="stmt"/>
        <line num="255" count="0" type="stmt"/>
        <line num="259" count="2" type="stmt"/>
        <line num="261" count="2" type="cond" truecount="0" falsecount="1"/>
        <line num="263" count="0" type="stmt"/>
        <line num="266" count="2" type="stmt"/>
        <line num="272" count="2" type="stmt"/>
        <line num="275" count="2" type="stmt"/>
        <line num="276" count="2" type="cond" truecount="1" falsecount="0"/>
        <line num="277" count="1" type="stmt"/>
        <line num="280" count="1" type="stmt"/>
        <line num="282" count="1" type="stmt"/>
        <line num="283" count="1" type="stmt"/>
        <line num="291" count="2" type="cond" truecount="0" falsecount="1"/>
        <line num="292" count="0" type="stmt"/>
        <line num="295" count="2" type="stmt"/>
        <line num="296" count="2" type="stmt"/>
        <line num="301" count="2" type="stmt"/>
        <line num="303" count="0" type="stmt"/>
        <line num="304" count="0" type="stmt"/>
        <line num="314" count="1" type="cond" truecount="0" falsecount="1"/>
        <line num="315" count="0" type="stmt"/>
        <line num="318" count="1" type="stmt"/>
        <line num="319" count="1" type="cond" truecount="1" falsecount="1"/>
        <line num="321" count="1" type="stmt"/>
        <line num="334" count="1" type="stmt"/>
        <line num="348" count="12" type="cond" truecount="0" falsecount="1"/>
        <line num="349" count="0" type="stmt"/>
        <line num="352" count="12" type="stmt"/>
        <line num="353" count="12" type="stmt"/>
        <line num="358" count="11" type="cond" truecount="1" falsecount="0"/>
        <line num="359" count="3" type="stmt"/>
        <line num="362" count="8" type="stmt"/>
        <line num="364" count="1" type="stmt"/>
        <line num="365" count="1" type="stmt"/>
        <line num="373" count="4" type="cond" truecount="0" falsecount="1"/>
        <line num="374" count="0" type="stmt"/>
        <line num="377" count="4" type="stmt"/>
        <line num="378" count="4" type="stmt"/>
        <line num="383" count="4" type="cond" truecount="1" falsecount="0"/>
        <line num="384" count="1" type="stmt"/>
        <line num="387" count="3" type="stmt"/>
        <line num="389" count="0" type="stmt"/>
        <line num="390" count="0" type="stmt"/>
        <line num="398" count="2" type="cond" truecount="0" falsecount="1"/>
        <line num="399" count="0" type="stmt"/>
        <line num="402" count="2" type="stmt"/>
        <line num="404" count="2" type="stmt"/>
        <line num="405" count="2" type="stmt"/>
        <line num="407" count="2" type="cond" truecount="0" falsecount="1"/>
        <line num="408" count="0" type="stmt"/>
        <line num="409" count="0" type="stmt"/>
        <line num="412" count="2" type="cond" truecount="1" falsecount="0"/>
        <line num="413" count="2" type="stmt"/>
        <line num="414" count="2" type="stmt"/>
        <line num="417" count="2" type="cond" truecount="1" falsecount="0"/>
        <line num="418" count="1" type="stmt"/>
        <line num="419" count="1" type="stmt"/>
        <line num="423" count="2" type="stmt"/>
        <line num="425" count="2" type="cond" truecount="0" falsecount="1"/>
        <line num="427" count="0" type="stmt"/>
        <line num="430" count="2" type="stmt"/>
        <line num="436" count="2" type="stmt"/>
        <line num="439" count="2" type="stmt"/>
        <line num="440" count="2" type="cond" truecount="1" falsecount="0"/>
        <line num="441" count="1" type="stmt"/>
        <line num="444" count="1" type="stmt"/>
        <line num="446" count="1" type="stmt"/>
        <line num="447" count="1" type="stmt"/>
        <line num="455" count="2" type="cond" truecount="0" falsecount="1"/>
        <line num="456" count="0" type="stmt"/>
        <line num="459" count="2" type="stmt"/>
        <line num="460" count="2" type="stmt"/>
        <line num="465" count="2" type="stmt"/>
        <line num="467" count="0" type="stmt"/>
        <line num="468" count="0" type="stmt"/>
        <line num="478" count="4" type="cond" truecount="0" falsecount="1"/>
        <line num="479" count="0" type="stmt"/>
        <line num="482" count="4" type="stmt"/>
        <line num="484" count="4" type="stmt"/>
        <line num="485" count="4" type="cond" truecount="1" falsecount="0"/>
        <line num="486" count="1" type="stmt"/>
        <line num="490" count="3" type="stmt"/>
        <line num="491" count="3" type="cond" truecount="1" falsecount="0"/>
        <line num="492" count="1" type="stmt"/>
        <line num="496" count="2" type="cond" truecount="1" falsecount="0"/>
        <line num="497" count="1" type="stmt"/>
        <line num="501" count="1" type="stmt"/>
        <line num="503" count="1" type="stmt"/>
        <line num="508" count="1" type="stmt"/>
        <line num="510" count="2" type="stmt"/>
        <line num="511" count="2" type="stmt"/>
        <line num="519" count="4" type="cond" truecount="0" falsecount="1"/>
        <line num="520" count="0" type="stmt"/>
        <line num="523" count="4" type="stmt"/>
        <line num="525" count="4" type="stmt"/>
        <line num="526" count="4" type="cond" truecount="1" falsecount="0"/>
        <line num="527" count="1" type="stmt"/>
        <line num="531" count="3" type="stmt"/>
        <line num="532" count="3" type="cond" truecount="1" falsecount="0"/>
        <line num="533" count="1" type="stmt"/>
        <line num="537" count="2" type="cond" truecount="1" falsecount="0"/>
        <line num="538" count="1" type="stmt"/>
        <line num="542" count="2" type="stmt"/>
        <line num="544" count="1" type="stmt"/>
        <line num="549" count="1" type="stmt"/>
        <line num="551" count="2" type="stmt"/>
        <line num="552" count="2" type="stmt"/>
        <line num="560" count="3" type="cond" truecount="0" falsecount="1"/>
        <line num="561" count="0" type="stmt"/>
        <line num="564" count="3" type="stmt"/>
        <line num="566" count="3" type="stmt"/>
        <line num="567" count="3" type="cond" truecount="1" falsecount="0"/>
        <line num="568" count="1" type="stmt"/>
        <line num="572" count="2" type="stmt"/>
        <line num="573" count="2" type="stmt"/>
        <line num="576" count="2" type="stmt"/>
        <line num="578" count="1" type="stmt"/>
        <line num="579" count="1" type="stmt"/>
        <line num="589" count="2" type="cond" truecount="0" falsecount="1"/>
        <line num="590" count="0" type="stmt"/>
        <line num="593" count="2" type="stmt"/>
        <line num="594" count="2" type="stmt"/>
        <line num="599" count="2" type="cond" truecount="1" falsecount="0"/>
        <line num="600" count="1" type="stmt"/>
        <line num="604" count="1" type="stmt"/>
        <line num="605" count="1" type="cond" truecount="2" falsecount="1"/>
        <line num="606" count="0" type="stmt"/>
        <line num="609" count="1" type="stmt"/>
        <line num="611" count="0" type="stmt"/>
        <line num="612" count="0" type="stmt"/>
        <line num="620" count="2" type="cond" truecount="0" falsecount="1"/>
        <line num="621" count="0" type="stmt"/>
        <line num="624" count="2" type="stmt"/>
        <line num="625" count="2" type="stmt"/>
        <line num="630" count="2" type="cond" truecount="1" falsecount="0"/>
        <line num="631" count="1" type="stmt"/>
        <line num="634" count="1" type="stmt"/>
        <line num="636" count="0" type="stmt"/>
        <line num="637" count="0" type="stmt"/>
        <line num="646" count="13" type="cond" truecount="1" falsecount="1"/>
        <line num="650" count="13" type="stmt"/>
        <line num="672" count="11" type="cond" truecount="1" falsecount="1"/>
        <line num="676" count="11" type="stmt"/>
      </file>
      <file name="postgres.ts" path="/home/null/projects/AuthX/src/adapters/db/postgres.ts">
        <metrics statements="243" coveredstatements="194" conditionals="30" coveredconditionals="19" methods="22" coveredmethods="22"/>
        <line num="4" count="1" type="stmt"/>
        <line num="9" count="1" type="stmt"/>
        <line num="11" count="38" type="stmt"/>
        <line num="14" count="38" type="stmt"/>
        <line num="21" count="2" type="stmt"/>
        <line num="22" count="2" type="stmt"/>
        <line num="27" count="2" type="stmt"/>
        <line num="28" count="1" type="stmt"/>
        <line num="31" count="1" type="stmt"/>
        <line num="33" count="1" type="stmt"/>
        <line num="35" count="1" type="stmt"/>
        <line num="36" count="1" type="stmt"/>
        <line num="44" count="2" type="cond" truecount="1" falsecount="0"/>
        <line num="45" count="1" type="stmt"/>
        <line num="46" count="1" type="stmt"/>
        <line num="47" count="1" type="stmt"/>
        <line num="55" count="1" type="stmt"/>
        <line num="57" count="1" type="stmt"/>
        <line num="58" count="1" type="stmt"/>
        <line num="61" count="1" type="stmt"/>
        <line num="80" count="1" type="stmt"/>
        <line num="92" count="1" type="stmt"/>
        <line num="93" count="1" type="stmt"/>
        <line num="94" count="1" type="stmt"/>
        <line num="95" count="1" type="stmt"/>
        <line num="98" count="1" type="stmt"/>
        <line num="99" count="1" type="stmt"/>
        <line num="100" count="2" type="stmt"/>
        <line num="106" count="1" type="stmt"/>
        <line num="108" count="0" type="stmt"/>
        <line num="109" count="0" type="stmt"/>
        <line num="110" count="0" type="stmt"/>
        <line num="112" count="1" type="stmt"/>
        <line num="120" count="34" type="cond" truecount="0" falsecount="1"/>
        <line num="121" count="0" type="stmt"/>
        <line num="123" count="34" type="stmt"/>
        <line num="132" count="2" type="stmt"/>
        <line num="134" count="2" type="stmt"/>
        <line num="135" count="2" type="stmt"/>
        <line num="136" count="2" type="cond" truecount="2" falsecount="0"/>
        <line num="138" count="2" type="stmt"/>
        <line num="145" count="2" type="stmt"/>
        <line num="147" count="0" type="stmt"/>
        <line num="148" count="0" type="stmt"/>
        <line num="150" count="2" type="stmt"/>
        <line num="158" count="3" type="stmt"/>
        <line num="160" count="3" type="stmt"/>
        <line num="161" count="3" type="stmt"/>
        <line num="163" count="2" type="cond" truecount="1" falsecount="0"/>
        <line num="164" count="1" type="stmt"/>
        <line num="167" count="1" type="stmt"/>
        <line num="169" count="1" type="stmt"/>
        <line num="170" count="1" type="stmt"/>
        <line num="172" count="3" type="stmt"/>
        <line num="180" count="2" type="stmt"/>
        <line num="182" count="2" type="stmt"/>
        <line num="183" count="2" type="stmt"/>
        <line num="185" count="2" type="cond" truecount="1" falsecount="0"/>
        <line num="186" count="1" type="stmt"/>
        <line num="189" count="1" type="stmt"/>
        <line num="191" count="0" type="stmt"/>
        <line num="192" count="0" type="stmt"/>
        <line num="194" count="2" type="stmt"/>
        <line num="202" count="2" type="stmt"/>
        <line num="204" count="2" type="stmt"/>
        <line num="206" count="2" type="stmt"/>
        <line num="207" count="2" type="stmt"/>
        <line num="208" count="2" type="stmt"/>
        <line num="210" count="2" type="cond" truecount="0" falsecount="1"/>
        <line num="211" count="0" type="stmt"/>
        <line num="212" count="0" type="stmt"/>
        <line num="213" count="0" type="stmt"/>
        <line num="216" count="2" type="cond" truecount="0" falsecount="1"/>
        <line num="217" count="0" type="stmt"/>
        <line num="218" count="0" type="stmt"/>
        <line num="219" count="0" type="stmt"/>
        <line num="222" count="2" type="cond" truecount="1" falsecount="0"/>
        <line num="223" count="2" type="stmt"/>
        <line num="224" count="2" type="stmt"/>
        <line num="225" count="2" type="stmt"/>
        <line num="228" count="2" type="cond" truecount="1" falsecount="0"/>
        <line num="229" count="1" type="stmt"/>
        <line num="230" count="1" type="stmt"/>
        <line num="231" count="1" type="stmt"/>
        <line num="234" count="2" type="cond" truecount="0" falsecount="1"/>
        <line num="235" count="0" type="stmt"/>
        <line num="236" count="0" type="stmt"/>
        <line num="237" count="0" type="stmt"/>
        <line num="240" count="2" type="cond" truecount="0" falsecount="1"/>
        <line num="241" count="0" type="stmt"/>
        <line num="242" count="0" type="stmt"/>
        <line num="243" count="0" type="stmt"/>
        <line num="246" count="2" type="cond" truecount="0" falsecount="1"/>
        <line num="247" count="0" type="stmt"/>
        <line num="248" count="0" type="stmt"/>
        <line num="249" count="0" type="stmt"/>
        <line num="252" count="2" type="cond" truecount="0" falsecount="1"/>
        <line num="253" count="0" type="stmt"/>
        <line num="254" count="0" type="stmt"/>
        <line num="255" count="0" type="stmt"/>
        <line num="258" count="2" type="cond" truecount="0" falsecount="1"/>
        <line num="259" count="0" type="stmt"/>
        <line num="260" count="0" type="stmt"/>
        <line num="261" count="0" type="stmt"/>
        <line num="264" count="2" type="cond" truecount="0" falsecount="1"/>
        <line num="265" count="0" type="stmt"/>
        <line num="266" count="0" type="stmt"/>
        <line num="267" count="0" type="stmt"/>
        <line num="271" count="2" type="stmt"/>
        <line num="272" count="2" type="stmt"/>
        <line num="273" count="2" type="stmt"/>
        <line num="276" count="2" type="stmt"/>
        <line num="278" count="2" type="stmt"/>
        <line num="285" count="2" type="stmt"/>
        <line num="287" count="2" type="cond" truecount="1" falsecount="0"/>
        <line num="288" count="1" type="stmt"/>
        <line num="291" count="1" type="stmt"/>
        <line num="293" count="1" type="stmt"/>
        <line num="294" count="1" type="stmt"/>
        <line num="296" count="2" type="stmt"/>
        <line num="304" count="2" type="stmt"/>
        <line num="306" count="2" type="stmt"/>
        <line num="307" count="2" type="stmt"/>
        <line num="308" count="2" type="stmt"/>
        <line num="310" count="0" type="stmt"/>
        <line num="311" count="0" type="stmt"/>
        <line num="313" count="2" type="stmt"/>
        <line num="323" count="1" type="stmt"/>
        <line num="325" count="1" type="stmt"/>
        <line num="326" count="1" type="stmt"/>
        <line num="327" count="1" type="cond" truecount="1" falsecount="1"/>
        <line num="329" count="1" type="stmt"/>
        <line num="336" count="1" type="stmt"/>
        <line num="338" count="0" type="stmt"/>
        <line num="339" count="0" type="stmt"/>
        <line num="341" count="1" type="stmt"/>
        <line num="349" count="2" type="stmt"/>
        <line num="351" count="2" type="stmt"/>
        <line num="352" count="2" type="stmt"/>
        <line num="354" count="2" type="cond" truecount="1" falsecount="0"/>
        <line num="355" count="1" type="stmt"/>
        <line num="358" count="1" type="stmt"/>
        <line num="360" count="0" type="stmt"/>
        <line num="361" count="0" type="stmt"/>
        <line num="363" count="2" type="stmt"/>
        <line num="371" count="2" type="stmt"/>
        <line num="373" count="2" type="stmt"/>
        <line num="374" count="2" type="stmt"/>
        <line num="376" count="2" type="cond" truecount="1" falsecount="0"/>
        <line num="377" count="1" type="stmt"/>
        <line num="380" count="1" type="stmt"/>
        <line num="382" count="0" type="stmt"/>
        <line num="383" count="0" type="stmt"/>
        <line num="385" count="2" type="stmt"/>
        <line num="393" count="2" type="stmt"/>
        <line num="395" count="2" type="stmt"/>
        <line num="397" count="2" type="stmt"/>
        <line num="398" count="2" type="stmt"/>
        <line num="399" count="2" type="stmt"/>
        <line num="401" count="2" type="cond" truecount="0" falsecount="1"/>
        <line num="402" count="0" type="stmt"/>
        <line num="403" count="0" type="stmt"/>
        <line num="404" count="0" type="stmt"/>
        <line num="407" count="2" type="cond" truecount="1" falsecount="0"/>
        <line num="408" count="2" type="stmt"/>
        <line num="409" count="2" type="stmt"/>
        <line num="410" count="2" type="stmt"/>
        <line num="413" count="2" type="cond" truecount="1" falsecount="0"/>
        <line num="414" count="1" type="stmt"/>
        <line num="415" count="1" type="stmt"/>
        <line num="416" count="1" type="stmt"/>
        <line num="420" count="2" type="stmt"/>
        <line num="421" count="2" type="stmt"/>
        <line num="422" count="2" type="stmt"/>
        <line num="425" count="2" type="stmt"/>
        <line num="427" count="2" type="stmt"/>
        <line num="434" count="2" type="stmt"/>
        <line num="436" count="2" type="cond" truecount="1" falsecount="0"/>
        <line num="437" count="1" type="stmt"/>
        <line num="440" count="1" type="stmt"/>
        <line num="442" count="1" type="stmt"/>
        <line num="443" count="1" type="stmt"/>
        <line num="445" count="2" type="stmt"/>
        <line num="453" count="2" type="stmt"/>
        <line num="455" count="2" type="stmt"/>
        <line num="456" count="2" type="stmt"/>
        <line num="457" count="2" type="stmt"/>
        <line num="459" count="0" type="stmt"/>
        <line num="460" count="0" type="stmt"/>
        <line num="462" count="2" type="stmt"/>
        <line num="472" count="3" type="stmt"/>
        <line num="474" count="3" type="stmt"/>
        <line num="476" count="3" type="stmt"/>
        <line num="478" count="3" type="cond" truecount="1" falsecount="0"/>
        <line num="479" count="1" type="stmt"/>
        <line num="482" count="2" type="stmt"/>
        <line num="485" count="2" type="stmt"/>
        <line num="493" count="2" type="stmt"/>
        <line num="495" count="1" type="stmt"/>
        <line num="496" count="1" type="stmt"/>
        <line num="498" count="3" type="stmt"/>
        <line num="506" count="3" type="stmt"/>
        <line num="508" count="3" type="stmt"/>
        <line num="510" count="3" type="stmt"/>
        <line num="512" count="3" type="cond" truecount="1" falsecount="0"/>
        <line num="513" count="1" type="stmt"/>
        <line num="516" count="2" type="stmt"/>
        <line num="519" count="2" type="stmt"/>
        <line num="527" count="2" type="stmt"/>
        <line num="529" count="1" type="stmt"/>
        <line num="530" count="1" type="stmt"/>
        <line num="532" count="3" type="stmt"/>
        <line num="540" count="3" type="stmt"/>
        <line num="542" count="3" type="stmt"/>
        <line num="544" count="3" type="stmt"/>
        <line num="546" count="3" type="cond" truecount="1" falsecount="0"/>
        <line num="547" count="1" type="stmt"/>
        <line num="550" count="2" type="stmt"/>
        <line num="553" count="2" type="stmt"/>
        <line num="558" count="2" type="stmt"/>
        <line num="560" count="1" type="stmt"/>
        <line num="561" count="1" type="stmt"/>
        <line num="563" count="3" type="stmt"/>
        <line num="573" count="2" type="stmt"/>
        <line num="575" count="2" type="stmt"/>
        <line num="576" count="2" type="stmt"/>
        <line num="583" count="2" type="cond" truecount="1" falsecount="0"/>
        <line num="584" count="1" type="stmt"/>
        <line num="587" count="1" type="stmt"/>
        <line num="589" count="0" type="stmt"/>
        <line num="590" count="0" type="stmt"/>
        <line num="592" count="2" type="stmt"/>
        <line num="600" count="2" type="stmt"/>
        <line num="602" count="2" type="stmt"/>
        <line num="603" count="2" type="stmt"/>
        <line num="608" count="2" type="cond" truecount="1" falsecount="0"/>
        <line num="609" count="1" type="stmt"/>
        <line num="612" count="1" type="stmt"/>
        <line num="614" count="0" type="stmt"/>
        <line num="615" count="0" type="stmt"/>
        <line num="617" count="2" type="stmt"/>
        <line num="625" count="7" type="stmt"/>
        <line num="646" count="7" type="stmt"/>
      </file>
    </package>
    <package name="controllers">
      <metrics statements="152" coveredstatements="73" conditionals="54" coveredconditionals="11" methods="15" coveredmethods="8"/>
      <file name="auth.ts" path="/home/null/projects/AuthX/src/controllers/auth.ts">
        <metrics statements="69" coveredstatements="27" conditionals="18" coveredconditionals="2" methods="7" coveredmethods="3"/>
        <line num="2" count="2" type="stmt"/>
        <line num="10" count="2" type="stmt"/>
        <line num="14" count="2" type="stmt"/>
        <line num="20" count="2" type="stmt"/>
        <line num="21" count="3" type="stmt"/>
        <line num="23" count="3" type="stmt"/>
        <line num="24" count="3" type="cond" truecount="1" falsecount="0"/>
        <line num="25" count="1" type="stmt"/>
        <line num="26" count="1" type="stmt"/>
        <line num="29" count="2" type="stmt"/>
        <line num="32" count="2" type="stmt"/>
        <line num="40" count="2" type="stmt"/>
        <line num="42" count="2" type="stmt"/>
        <line num="44" count="0" type="cond" truecount="0" falsecount="2"/>
        <line num="45" count="0" type="stmt"/>
        <line num="52" count="2" type="stmt"/>
        <line num="53" count="3" type="stmt"/>
        <line num="55" count="3" type="stmt"/>
        <line num="56" count="3" type="cond" truecount="0" falsecount="1"/>
        <line num="57" count="0" type="stmt"/>
        <line num="58" count="0" type="stmt"/>
        <line num="61" count="3" type="stmt"/>
        <line num="64" count="3" type="stmt"/>
        <line num="67" count="1" type="stmt"/>
        <line num="69" count="1" type="stmt"/>
        <line num="71" count="2" type="cond" truecount="1" falsecount="1"/>
        <line num="72" count="2" type="stmt"/>
        <line num="79" count="2" type="stmt"/>
        <line num="80" count="0" type="stmt"/>
        <line num="81" count="0" type="cond" truecount="0" falsecount="1"/>
        <line num="82" count="0" type="stmt"/>
        <line num="83" count="0" type="stmt"/>
        <line num="87" count="0" type="stmt"/>
        <line num="89" count="0" type="stmt"/>
        <line num="91" count="0" type="cond" truecount="0" falsecount="2"/>
        <line num="92" count="0" type="stmt"/>
        <line num="99" count="2" type="stmt"/>
        <line num="100" count="0" type="stmt"/>
        <line num="102" count="0" type="stmt"/>
        <line num="103" count="0" type="cond" truecount="0" falsecount="1"/>
        <line num="104" count="0" type="stmt"/>
        <line num="105" count="0" type="stmt"/>
        <line num="108" count="0" type="stmt"/>
        <line num="111" count="0" type="stmt"/>
        <line num="116" count="0" type="stmt"/>
        <line num="118" count="0" type="cond" truecount="0" falsecount="2"/>
        <line num="119" count="0" type="stmt"/>
        <line num="126" count="2" type="stmt"/>
        <line num="127" count="0" type="stmt"/>
        <line num="129" count="0" type="stmt"/>
        <line num="130" count="0" type="cond" truecount="0" falsecount="1"/>
        <line num="131" count="0" type="stmt"/>
        <line num="132" count="0" type="stmt"/>
        <line num="135" count="0" type="stmt"/>
        <line num="138" count="0" type="stmt"/>
        <line num="140" count="0" type="stmt"/>
        <line num="142" count="0" type="cond" truecount="0" falsecount="2"/>
        <line num="143" count="0" type="stmt"/>
        <line num="150" count="2" type="stmt"/>
        <line num="151" count="0" type="stmt"/>
        <line num="153" count="0" type="stmt"/>
        <line num="154" count="0" type="cond" truecount="0" falsecount="1"/>
        <line num="155" count="0" type="stmt"/>
        <line num="156" count="0" type="stmt"/>
        <line num="159" count="0" type="stmt"/>
        <line num="162" count="0" type="stmt"/>
        <line num="164" count="0" type="stmt"/>
        <line num="166" count="0" type="cond" truecount="0" falsecount="2"/>
        <line num="167" count="0" type="stmt"/>
      </file>
      <file name="index.ts" path="/home/null/projects/AuthX/src/controllers/index.ts">
        <metrics statements="2" coveredstatements="2" conditionals="0" coveredconditionals="0" methods="0" coveredmethods="0"/>
        <line num="1" count="2" type="stmt"/>
        <line num="2" count="2" type="stmt"/>
      </file>
      <file name="role.ts" path="/home/null/projects/AuthX/src/controllers/role.ts">
        <metrics statements="81" coveredstatements="44" conditionals="36" coveredconditionals="9" methods="8" coveredmethods="5"/>
        <line num="2" count="2" type="stmt"/>
        <line num="9" count="2" type="stmt"/>
        <line num="13" count="2" type="stmt"/>
        <line num="19" count="2" type="stmt"/>
        <line num="20" count="2" type="stmt"/>
        <line num="22" count="2" type="stmt"/>
        <line num="23" count="2" type="cond" truecount="0" falsecount="1"/>
        <line num="24" count="0" type="stmt"/>
        <line num="25" count="0" type="stmt"/>
        <line num="28" count="2" type="stmt"/>
        <line num="31" count="2" type="stmt"/>
        <line num="37" count="1" type="stmt"/>
        <line num="39" count="1" type="cond" truecount="1" falsecount="1"/>
        <line num="41" count="1" type="cond" truecount="1" falsecount="1"/>
        <line num="42" count="1" type="stmt"/>
        <line num="44" count="0" type="stmt"/>
        <line num="52" count="2" type="stmt"/>
        <line num="53" count="3" type="stmt"/>
        <line num="54" count="3" type="stmt"/>
        <line num="56" count="3" type="stmt"/>
        <line num="58" count="1" type="stmt"/>
        <line num="60" count="2" type="cond" truecount="1" falsecount="1"/>
        <line num="62" count="2" type="cond" truecount="1" falsecount="1"/>
        <line num="63" count="2" type="stmt"/>
        <line num="65" count="0" type="stmt"/>
        <line num="73" count="2" type="stmt"/>
        <line num="74" count="2" type="stmt"/>
        <line num="76" count="2" type="stmt"/>
        <line num="77" count="2" type="cond" truecount="0" falsecount="1"/>
        <line num="78" count="0" type="stmt"/>
        <line num="79" count="0" type="stmt"/>
        <line num="82" count="2" type="stmt"/>
        <line num="83" count="2" type="stmt"/>
        <line num="86" count="2" type="stmt"/>
        <line num="92" count="1" type="stmt"/>
        <line num="94" count="1" type="cond" truecount="1" falsecount="1"/>
        <line num="96" count="1" type="cond" truecount="1" falsecount="1"/>
        <line num="97" count="1" type="stmt"/>
        <line num="98" count="0" type="cond" truecount="0" falsecount="2"/>
        <line num="99" count="0" type="stmt"/>
        <line num="101" count="0" type="stmt"/>
        <line num="109" count="2" type="stmt"/>
        <line num="110" count="2" type="stmt"/>
        <line num="111" count="2" type="stmt"/>
        <line num="113" count="2" type="stmt"/>
        <line num="115" count="1" type="cond" truecount="1" falsecount="1"/>
        <line num="116" count="1" type="stmt"/>
        <line num="118" count="0" type="stmt"/>
        <line num="121" count="1" type="cond" truecount="1" falsecount="1"/>
        <line num="123" count="1" type="cond" truecount="1" falsecount="1"/>
        <line num="124" count="1" type="stmt"/>
        <line num="126" count="0" type="stmt"/>
        <line num="134" count="2" type="stmt"/>
        <line num="135" count="0" type="stmt"/>
        <line num="136" count="0" type="stmt"/>
        <line num="138" count="0" type="stmt"/>
        <line num="140" count="0" type="cond" truecount="0" falsecount="2"/>
        <line num="141" count="0" type="stmt"/>
        <line num="143" count="0" type="stmt"/>
        <line num="146" count="0" type="cond" truecount="0" falsecount="2"/>
        <line num="147" count="0" type="stmt"/>
        <line num="154" count="2" type="stmt"/>
        <line num="155" count="0" type="stmt"/>
        <line num="156" count="0" type="stmt"/>
        <line num="158" count="0" type="stmt"/>
        <line num="160" count="0" type="cond" truecount="0" falsecount="2"/>
        <line num="161" count="0" type="stmt"/>
        <line num="163" count="0" type="stmt"/>
        <line num="166" count="0" type="cond" truecount="0" falsecount="2"/>
        <line num="167" count="0" type="stmt"/>
        <line num="174" count="2" type="stmt"/>
        <line num="175" count="0" type="stmt"/>
        <line num="176" count="0" type="stmt"/>
        <line num="178" count="0" type="stmt"/>
        <line num="180" count="0" type="stmt"/>
        <line num="182" count="0" type="cond" truecount="0" falsecount="2"/>
        <line num="184" count="0" type="cond" truecount="0" falsecount="2"/>
        <line num="185" count="0" type="stmt"/>
        <line num="186" count="0" type="cond" truecount="0" falsecount="2"/>
        <line num="187" count="0" type="stmt"/>
        <line num="189" count="0" type="stmt"/>
      </file>
    </package>
    <package name="middleware">
      <metrics statements="61" coveredstatements="52" conditionals="20" coveredconditionals="18" methods="12" coveredmethods="12"/>
      <file name="auth.ts" path="/home/null/projects/AuthX/src/middleware/auth.ts">
        <metrics statements="59" coveredstatements="50" conditionals="20" coveredconditionals="18" methods="11" coveredmethods="11"/>
        <line num="2" count="3" type="stmt"/>
        <line num="11" count="3" type="stmt"/>
        <line num="16" count="18" type="stmt"/>
        <line num="17" count="18" type="stmt"/>
        <line num="25" count="21" type="stmt"/>
        <line num="26" count="14" type="stmt"/>
        <line num="28" count="14" type="stmt"/>
        <line num="29" count="14" type="cond" truecount="3" falsecount="0"/>
        <line num="30" count="2" type="cond" truecount="1" falsecount="0"/>
        <line num="31" count="1" type="stmt"/>
        <line num="32" count="1" type="stmt"/>
        <line num="34" count="1" type="stmt"/>
        <line num="37" count="12" type="stmt"/>
        <line num="40" count="12" type="stmt"/>
        <line num="43" count="11" type="stmt"/>
        <line num="44" count="11" type="cond" truecount="1" falsecount="0"/>
        <line num="45" count="1" type="cond" truecount="1" falsecount="0"/>
        <line num="46" count="1" type="stmt"/>
        <line num="47" count="1" type="stmt"/>
        <line num="49" count="0" type="stmt"/>
        <line num="53" count="10" type="stmt"/>
        <line num="54" count="10" type="stmt"/>
        <line num="56" count="10" type="stmt"/>
        <line num="58" count="1" type="cond" truecount="1" falsecount="0"/>
        <line num="59" count="1" type="stmt"/>
        <line num="60" count="1" type="stmt"/>
        <line num="62" count="0" type="stmt"/>
        <line num="73" count="15" type="stmt"/>
        <line num="74" count="12" type="cond" truecount="1" falsecount="0"/>
        <line num="75" count="1" type="stmt"/>
        <line num="76" count="1" type="stmt"/>
        <line num="79" count="11" type="cond" truecount="1" falsecount="0"/>
        <line num="80" count="1" type="cond" truecount="1" falsecount="0"/>
        <line num="81" count="1" type="stmt"/>
        <line num="82" count="1" type="stmt"/>
        <line num="84" count="0" type="stmt"/>
        <line num="87" count="10" type="stmt"/>
        <line num="97" count="2" type="stmt"/>
        <line num="98" count="2" type="cond" truecount="0" falsecount="1"/>
        <line num="99" count="0" type="stmt"/>
        <line num="100" count="0" type="stmt"/>
        <line num="103" count="4" type="stmt"/>
        <line num="104" count="2" type="cond" truecount="1" falsecount="0"/>
        <line num="105" count="1" type="cond" truecount="1" falsecount="0"/>
        <line num="106" count="1" type="stmt"/>
        <line num="107" count="1" type="stmt"/>
        <line num="109" count="0" type="stmt"/>
        <line num="112" count="1" type="stmt"/>
        <line num="122" count="2" type="stmt"/>
        <line num="123" count="2" type="cond" truecount="0" falsecount="1"/>
        <line num="124" count="0" type="stmt"/>
        <line num="125" count="0" type="stmt"/>
        <line num="128" count="4" type="stmt"/>
        <line num="129" count="2" type="cond" truecount="1" falsecount="0"/>
        <line num="130" count="1" type="cond" truecount="1" falsecount="0"/>
        <line num="131" count="1" type="stmt"/>
        <line num="132" count="1" type="stmt"/>
        <line num="134" count="0" type="stmt"/>
        <line num="137" count="1" type="stmt"/>
      </file>
      <file name="index.ts" path="/home/null/projects/AuthX/src/middleware/index.ts">
        <metrics statements="2" coveredstatements="2" conditionals="0" coveredconditionals="0" methods="1" coveredmethods="1"/>
        <line num="1" count="21" type="stmt"/>
        <line num="2" count="3" type="stmt"/>
      </file>
    </package>
    <package name="models">
      <metrics statements="2" coveredstatements="2" conditionals="0" coveredconditionals="0" methods="0" coveredmethods="0"/>
      <file name="index.ts" path="/home/null/projects/AuthX/src/models/index.ts">
        <metrics statements="2" coveredstatements="2" conditionals="0" coveredconditionals="0" methods="0" coveredmethods="0"/>
        <line num="1" count="2" type="stmt"/>
        <line num="2" count="2" type="stmt"/>
      </file>
    </package>
    <package name="routes">
      <metrics statements="37" coveredstatements="37" conditionals="0" coveredconditionals="0" methods="3" coveredmethods="3"/>
      <file name="auth.ts" path="/home/null/projects/AuthX/src/routes/auth.ts">
        <metrics statements="14" coveredstatements="14" conditionals="0" coveredconditionals="0" methods="1" coveredmethods="1"/>
        <line num="2" count="2" type="stmt"/>
        <line num="3" count="2" type="stmt"/>
        <line num="6" count="2" type="stmt"/>
        <line num="7" count="2" type="stmt"/>
        <line num="21" count="2" type="stmt"/>
        <line num="23" count="2" type="stmt"/>
        <line num="26" count="2" type="stmt"/>
        <line num="29" count="2" type="stmt"/>
        <line num="32" count="2" type="stmt"/>
        <line num="33" count="2" type="stmt"/>
        <line num="34" count="2" type="stmt"/>
        <line num="35" count="2" type="stmt"/>
        <line num="36" count="2" type="stmt"/>
        <line num="37" count="2" type="stmt"/>
      </file>
      <file name="index.ts" path="/home/null/projects/AuthX/src/routes/index.ts">
        <metrics statements="8" coveredstatements="8" conditionals="0" coveredconditionals="0" methods="1" coveredmethods="1"/>
        <line num="2" count="2" type="stmt"/>
        <line num="5" count="2" type="stmt"/>
        <line num="6" count="2" type="stmt"/>
        <line num="14" count="2" type="stmt"/>
        <line num="16" count="2" type="stmt"/>
        <line num="23" count="2" type="stmt"/>
        <line num="26" count="2" type="stmt"/>
        <line num="29" count="2" type="stmt"/>
      </file>
      <file name="role.ts" path="/home/null/projects/AuthX/src/routes/role.ts">
        <metrics statements="15" coveredstatements="15" conditionals="0" coveredconditionals="0" methods="1" coveredmethods="1"/>
        <line num="2" count="2" type="stmt"/>
        <line num="3" count="2" type="stmt"/>
        <line num="6" count="2" type="stmt"/>
        <line num="7" count="2" type="stmt"/>
        <line num="21" count="2" type="stmt"/>
        <line num="23" count="2" type="stmt"/>
        <line num="26" count="2" type="stmt"/>
        <line num="29" count="2" type="stmt"/>
        <line num="33" count="2" type="stmt"/>
        <line num="40" count="2" type="stmt"/>
        <line num="47" count="2" type="stmt"/>
        <line num="54" count="2" type="stmt"/>
        <line num="62" count="2" type="stmt"/>
        <line num="69" count="2" type="stmt"/>
        <line num="76" count="2" type="stmt"/>
      </file>
    </package>
    <package name="services">
      <metrics statements="86" coveredstatements="79" conditionals="23" coveredconditionals="22" methods="19" coveredmethods="15"/>
      <file name="auth.ts" path="/home/null/projects/AuthX/src/services/auth.ts">
        <metrics statements="54" coveredstatements="54" conditionals="12" coveredconditionals="12" methods="8" coveredmethods="8"/>
        <line num="1" count="4" type="stmt"/>
        <line num="2" count="4" type="stmt"/>
        <line num="3" count="4" type="stmt"/>
        <line num="12" count="4" type="stmt"/>
        <line num="17" count="16" type="stmt"/>
        <line num="18" count="16" type="stmt"/>
        <line num="27" count="4" type="stmt"/>
        <line num="28" count="4" type="cond" truecount="1" falsecount="0"/>
        <line num="29" count="1" type="stmt"/>
        <line num="33" count="3" type="stmt"/>
        <line num="34" count="3" type="stmt"/>
        <line num="37" count="3" type="stmt"/>
        <line num="43" count="3" type="stmt"/>
        <line num="46" count="3" type="stmt"/>
        <line num="48" count="3" type="stmt"/>
        <line num="58" count="7" type="stmt"/>
        <line num="59" count="7" type="cond" truecount="1" falsecount="0"/>
        <line num="60" count="1" type="stmt"/>
        <line num="64" count="6" type="cond" truecount="1" falsecount="0"/>
        <line num="65" count="1" type="stmt"/>
        <line num="69" count="5" type="stmt"/>
        <line num="70" count="5" type="cond" truecount="1" falsecount="0"/>
        <line num="71" count="3" type="stmt"/>
        <line num="75" count="2" type="stmt"/>
        <line num="78" count="2" type="stmt"/>
        <line num="79" count="2" type="stmt"/>
        <line num="81" count="2" type="stmt"/>
        <line num="90" count="2" type="stmt"/>
        <line num="91" count="2" type="cond" truecount="1" falsecount="0"/>
        <line num="92" count="1" type="stmt"/>
        <line num="96" count="1" type="stmt"/>
        <line num="97" count="1" type="stmt"/>
        <line num="100" count="1" type="stmt"/>
        <line num="105" count="1" type="stmt"/>
        <line num="115" count="3" type="stmt"/>
        <line num="116" count="3" type="cond" truecount="1" falsecount="0"/>
        <line num="117" count="1" type="stmt"/>
        <line num="121" count="2" type="cond" truecount="3" falsecount="0"/>
        <line num="122" count="1" type="stmt"/>
        <line num="126" count="1" type="stmt"/>
        <line num="127" count="1" type="stmt"/>
        <line num="130" count="1" type="stmt"/>
        <line num="136" count="1" type="stmt"/>
        <line num="144" count="3" type="stmt"/>
        <line num="146" count="3" type="stmt"/>
        <line num="149" count="2" type="stmt"/>
        <line num="150" count="2" type="cond" truecount="1" falsecount="0"/>
        <line num="151" count="1" type="stmt"/>
        <line num="155" count="1" type="stmt"/>
        <line num="156" count="1" type="stmt"/>
        <line num="158" count="1" type="stmt"/>
        <line num="160" count="2" type="stmt"/>
        <line num="169" count="6" type="stmt"/>
        <line num="181" count="3" type="stmt"/>
      </file>
      <file name="index.ts" path="/home/null/projects/AuthX/src/services/index.ts">
        <metrics statements="2" coveredstatements="2" conditionals="0" coveredconditionals="0" methods="2" coveredmethods="2"/>
        <line num="1" count="20" type="stmt"/>
        <line num="2" count="15" type="stmt"/>
      </file>
      <file name="role.ts" path="/home/null/projects/AuthX/src/services/role.ts">
        <metrics statements="30" coveredstatements="23" conditionals="11" coveredconditionals="10" methods="9" coveredmethods="5"/>
        <line num="9" count="4" type="stmt"/>
        <line num="14" count="11" type="stmt"/>
        <line num="15" count="11" type="stmt"/>
        <line num="24" count="4" type="stmt"/>
        <line num="25" count="4" type="cond" truecount="1" falsecount="0"/>
        <line num="26" count="2" type="stmt"/>
        <line num="29" count="2" type="stmt"/>
        <line num="37" count="5" type="stmt"/>
        <line num="38" count="5" type="cond" truecount="1" falsecount="0"/>
        <line num="39" count="3" type="stmt"/>
        <line num="42" count="2" type="stmt"/>
        <line num="50" count="0" type="stmt"/>
        <line num="51" count="0" type="cond" truecount="0" falsecount="1"/>
        <line num="52" count="0" type="stmt"/>
        <line num="55" count="0" type="stmt"/>
        <line num="65" count="5" type="stmt"/>
        <line num="66" count="5" type="cond" truecount="1" falsecount="0"/>
        <line num="67" count="2" type="stmt"/>
        <line num="71" count="3" type="cond" truecount="3" falsecount="0"/>
        <line num="72" count="1" type="stmt"/>
        <line num="73" count="1" type="cond" truecount="3" falsecount="0"/>
        <line num="74" count="1" type="stmt"/>
        <line num="78" count="2" type="stmt"/>
        <line num="87" count="4" type="stmt"/>
        <line num="88" count="4" type="cond" truecount="1" falsecount="0"/>
        <line num="89" count="2" type="stmt"/>
        <line num="92" count="2" type="stmt"/>
        <line num="101" count="0" type="stmt"/>
        <line num="110" count="0" type="stmt"/>
        <line num="118" count="0" type="stmt"/>
      </file>
    </package>
    <package name="utils">
      <metrics statements="12" coveredstatements="11" conditionals="0" coveredconditionals="0" methods="0" coveredmethods="0"/>
      <file name="index.ts" path="/home/null/projects/AuthX/src/utils/index.ts">
        <metrics statements="1" coveredstatements="0" conditionals="0" coveredconditionals="0" methods="0" coveredmethods="0"/>
        <line num="1" count="0" type="stmt"/>
      </file>
      <file name="validation.ts" path="/home/null/projects/AuthX/src/utils/validation.ts">
        <metrics statements="11" coveredstatements="11" conditionals="0" coveredconditionals="0" methods="0" coveredmethods="0"/>
        <line num="1" count="2" type="stmt"/>
        <line num="6" count="2" type="stmt"/>
        <line num="26" count="2" type="stmt"/>
        <line num="38" count="2" type="stmt"/>
        <line num="47" count="2" type="stmt"/>
        <line num="59" count="2" type="stmt"/>
        <line num="68" count="2" type="stmt"/>
        <line num="85" count="2" type="stmt"/>
        <line num="106" count="2" type="stmt"/>
        <line num="115" count="2" type="stmt"/>
        <line num="127" count="2" type="stmt"/>
      </file>
    </package>
  </project>
</coverage>
