TN:
SF:src/adapters/db/index.ts
FN:12,getDbAdapter
FN:26,(anonymous_1)
FN:27,(anonymous_2)
FN:28,(anonymous_3)
FNF:4
FNH:0
FNDA:0,getDbAdapter
FNDA:0,(anonymous_1)
FNDA:0,(anonymous_2)
FNDA:0,(anonymous_3)
DA:3,0
DA:4,0
DA:5,0
DA:12,0
DA:13,0
DA:15,0
DA:17,0
DA:19,0
DA:21,0
DA:26,0
DA:27,0
DA:28,0
LF:12
LH:0
BRDA:13,0,0,0
BRDA:13,0,1,0
BRDA:13,0,2,0
BRDA:13,0,3,0
BRF:4
BRH:0
end_of_record
TN:
SF:src/adapters/db/mongodb.ts
FN:15,(anonymous_0)
FN:22,(anonymous_1)
FN:47,(anonymous_2)
FN:62,(anonymous_3)
FN:90,(anonymous_4)
FN:112,(anonymous_5)
FN:129,(anonymous_6)
FN:155,(anonymous_7)
FN:170,(anonymous_8)
FN:195,(anonymous_9)
FN:217,(anonymous_10)
FN:234,(anonymous_11)
FN:260,(anonymous_12)
FN:275,(anonymous_13)
FN:297,(anonymous_14)
FN:313,(anonymous_15)
FN:326,(anonymous_16)
FN:337,(anonymous_17)
FN:354,(anonymous_18)
FN:374,(anonymous_19)
FN:391,(anonymous_20)
FN:402,(anonymous_21)
FNF:22
FNH:22
FNDA:38,(anonymous_0)
FNDA:2,(anonymous_1)
FNDA:2,(anonymous_2)
FNDA:2,(anonymous_3)
FNDA:3,(anonymous_4)
FNDA:2,(anonymous_5)
FNDA:2,(anonymous_6)
FNDA:2,(anonymous_7)
FNDA:1,(anonymous_8)
FNDA:2,(anonymous_9)
FNDA:2,(anonymous_10)
FNDA:2,(anonymous_11)
FNDA:2,(anonymous_12)
FNDA:3,(anonymous_13)
FNDA:3,(anonymous_14)
FNDA:2,(anonymous_15)
FNDA:3,(anonymous_16)
FNDA:4,(anonymous_17)
FNDA:2,(anonymous_18)
FNDA:2,(anonymous_19)
FNDA:5,(anonymous_20)
FNDA:3,(anonymous_21)
DA:4,1
DA:9,1
DA:11,38
DA:12,38
DA:13,38
DA:16,38
DA:23,2
DA:24,2
DA:25,2
DA:27,1
DA:28,1
DA:29,1
DA:32,1
DA:33,1
DA:34,1
DA:35,1
DA:37,1
DA:39,1
DA:40,1
DA:48,2
DA:49,1
DA:50,1
DA:51,1
DA:52,1
DA:53,1
DA:63,2
DA:64,1
DA:67,2
DA:68,2
DA:79,2
DA:81,2
DA:91,3
DA:92,0
DA:95,3
DA:96,3
DA:98,2
DA:99,1
DA:102,1
DA:104,1
DA:105,1
DA:113,2
DA:114,0
DA:117,2
DA:119,2
DA:120,1
DA:123,1
DA:130,2
DA:131,0
DA:134,2
DA:139,2
DA:145,2
DA:146,1
DA:149,1
DA:156,2
DA:157,0
DA:160,2
DA:162,2
DA:171,1
DA:172,0
DA:175,1
DA:176,1
DA:184,1
DA:186,1
DA:196,2
DA:197,0
DA:200,2
DA:201,2
DA:203,2
DA:204,1
DA:207,1
DA:209,0
DA:210,0
DA:218,2
DA:219,0
DA:222,2
DA:224,2
DA:225,1
DA:228,1
DA:235,2
DA:236,0
DA:239,2
DA:244,2
DA:250,2
DA:251,1
DA:254,1
DA:261,2
DA:262,0
DA:265,2
DA:267,2
DA:276,3
DA:277,0
DA:281,3
DA:282,3
DA:283,1
DA:286,2
DA:291,2
DA:298,3
DA:299,0
DA:303,3
DA:304,3
DA:305,1
DA:308,2
DA:309,2
DA:310,1
DA:313,2
DA:315,1
DA:320,1
DA:327,3
DA:328,0
DA:331,3
DA:332,3
DA:333,1
DA:336,2
DA:338,4
DA:339,4
DA:340,1
DA:342,3
DA:346,1
DA:355,2
DA:356,0
DA:359,2
DA:364,2
DA:365,1
DA:368,1
DA:375,2
DA:376,0
DA:379,2
DA:381,2
DA:382,1
DA:385,1
DA:392,5
DA:393,5
DA:403,3
DA:404,3
LF:134
LH:118
BRDA:48,0,0,1
BRDA:63,1,0,1
BRDA:73,2,0,2
BRDA:73,2,1,2
BRDA:91,3,0,0
BRDA:98,4,0,1
BRDA:113,5,0,0
BRDA:119,6,0,1
BRDA:130,7,0,0
BRDA:145,8,0,1
BRDA:156,9,0,0
BRDA:171,10,0,0
BRDA:179,11,0,1
BRDA:179,11,1,0
BRDA:196,12,0,0
BRDA:203,13,0,1
BRDA:218,14,0,0
BRDA:224,15,0,1
BRDA:235,16,0,0
BRDA:250,17,0,1
BRDA:261,18,0,0
BRDA:276,19,0,0
BRDA:282,20,0,1
BRDA:298,21,0,0
BRDA:304,22,0,1
BRDA:309,23,0,1
BRDA:327,24,0,0
BRDA:332,25,0,1
BRDA:339,26,0,1
BRDA:355,27,0,0
BRDA:364,28,0,1
BRDA:375,29,0,0
BRDA:381,30,0,1
BRF:33
BRH:18
end_of_record
TN:
SF:src/adapters/db/mysql.ts
FN:13,(anonymous_1)
FN:20,(anonymous_2)
FN:37,(anonymous_3)
FN:48,(anonymous_4)
FN:108,(anonymous_5)
FN:148,(anonymous_6)
FN:173,(anonymous_7)
FN:198,(anonymous_8)
FN:290,(anonymous_9)
FN:313,(anonymous_10)
FN:347,(anonymous_11)
FN:372,(anonymous_12)
FN:397,(anonymous_13)
FN:454,(anonymous_14)
FN:477,(anonymous_15)
FN:518,(anonymous_16)
FN:542,(anonymous_17)
FN:559,(anonymous_18)
FN:572,(anonymous_19)
FN:576,(anonymous_20)
FN:588,(anonymous_21)
FN:619,(anonymous_22)
FN:644,(anonymous_23)
FN:670,(anonymous_24)
FNF:24
FNH:24
FNDA:40,(anonymous_1)
FNDA:2,(anonymous_2)
FNDA:2,(anonymous_3)
FNDA:2,(anonymous_4)
FNDA:2,(anonymous_5)
FNDA:14,(anonymous_6)
FNDA:2,(anonymous_7)
FNDA:2,(anonymous_8)
FNDA:2,(anonymous_9)
FNDA:1,(anonymous_10)
FNDA:12,(anonymous_11)
FNDA:4,(anonymous_12)
FNDA:2,(anonymous_13)
FNDA:2,(anonymous_14)
FNDA:4,(anonymous_15)
FNDA:4,(anonymous_16)
FNDA:2,(anonymous_17)
FNDA:3,(anonymous_18)
FNDA:2,(anonymous_19)
FNDA:2,(anonymous_20)
FNDA:2,(anonymous_21)
FNDA:2,(anonymous_22)
FNDA:13,(anonymous_23)
FNDA:11,(anonymous_24)
DA:4,1
DA:9,1
DA:11,40
DA:14,40
DA:21,2
DA:22,2
DA:25,2
DA:27,1
DA:29,1
DA:30,1
DA:38,2
DA:39,1
DA:40,1
DA:41,1
DA:49,2
DA:50,0
DA:53,2
DA:55,2
DA:77,1
DA:90,1
DA:91,1
DA:92,2
DA:98,1
DA:99,1
DA:109,2
DA:110,1
DA:113,2
DA:114,2
DA:116,2
DA:133,2
DA:138,2
DA:139,0
DA:142,2
DA:149,14
DA:150,0
DA:153,14
DA:154,14
DA:159,12
DA:160,4
DA:163,8
DA:165,2
DA:166,2
DA:174,2
DA:175,0
DA:178,2
DA:179,2
DA:184,2
DA:185,1
DA:188,1
DA:190,0
DA:191,0
DA:199,2
DA:200,0
DA:203,2
DA:205,2
DA:206,2
DA:208,2
DA:209,0
DA:210,0
DA:213,2
DA:214,0
DA:215,0
DA:218,2
DA:219,2
DA:220,2
DA:223,2
DA:224,1
DA:225,1
DA:228,2
DA:229,0
DA:230,0
DA:233,2
DA:234,0
DA:235,0
DA:238,2
DA:239,0
DA:240,0
DA:243,2
DA:244,0
DA:245,0
DA:248,2
DA:249,0
DA:250,0
DA:253,2
DA:254,0
DA:255,0
DA:259,2
DA:261,2
DA:263,0
DA:266,2
DA:272,2
DA:275,2
DA:276,2
DA:277,1
DA:280,1
DA:282,1
DA:283,1
DA:291,2
DA:292,0
DA:295,2
DA:296,2
DA:301,2
DA:303,0
DA:304,0
DA:314,1
DA:315,0
DA:318,1
DA:319,1
DA:321,1
DA:334,1
DA:348,12
DA:349,0
DA:352,12
DA:353,12
DA:358,11
DA:359,3
DA:362,8
DA:364,1
DA:365,1
DA:373,4
DA:374,0
DA:377,4
DA:378,4
DA:383,4
DA:384,1
DA:387,3
DA:389,0
DA:390,0
DA:398,2
DA:399,0
DA:402,2
DA:404,2
DA:405,2
DA:407,2
DA:408,0
DA:409,0
DA:412,2
DA:413,2
DA:414,2
DA:417,2
DA:418,1
DA:419,1
DA:423,2
DA:425,2
DA:427,0
DA:430,2
DA:436,2
DA:439,2
DA:440,2
DA:441,1
DA:444,1
DA:446,1
DA:447,1
DA:455,2
DA:456,0
DA:459,2
DA:460,2
DA:465,2
DA:467,0
DA:468,0
DA:478,4
DA:479,0
DA:482,4
DA:484,4
DA:485,4
DA:486,1
DA:490,3
DA:491,3
DA:492,1
DA:496,2
DA:497,1
DA:501,1
DA:503,1
DA:508,1
DA:510,2
DA:511,2
DA:519,4
DA:520,0
DA:523,4
DA:525,4
DA:526,4
DA:527,1
DA:531,3
DA:532,3
DA:533,1
DA:537,2
DA:538,1
DA:542,2
DA:544,1
DA:549,1
DA:551,2
DA:552,2
DA:560,3
DA:561,0
DA:564,3
DA:566,3
DA:567,3
DA:568,1
DA:572,2
DA:573,2
DA:576,2
DA:578,1
DA:579,1
DA:589,2
DA:590,0
DA:593,2
DA:594,2
DA:599,2
DA:600,1
DA:604,1
DA:605,1
DA:606,0
DA:609,1
DA:611,0
DA:612,0
DA:620,2
DA:621,0
DA:624,2
DA:625,2
DA:630,2
DA:631,1
DA:634,1
DA:636,0
DA:637,0
DA:646,13
DA:650,13
DA:672,11
DA:676,11
LF:228
LH:179
BRDA:38,0,0,1
BRDA:49,1,0,0
BRDA:109,2,0,1
BRDA:114,3,0,2
BRDA:114,3,1,2
BRDA:138,4,0,0
BRDA:149,5,0,0
BRDA:159,6,0,4
BRDA:174,7,0,0
BRDA:184,8,0,1
BRDA:199,9,0,0
BRDA:208,10,0,0
BRDA:213,11,0,0
BRDA:218,12,0,2
BRDA:223,13,0,1
BRDA:228,14,0,0
BRDA:233,15,0,0
BRDA:238,16,0,0
BRDA:243,17,0,0
BRDA:248,18,0,0
BRDA:253,19,0,0
BRDA:261,20,0,0
BRDA:276,21,0,1
BRDA:291,22,0,0
BRDA:314,23,0,0
BRDA:319,24,0,1
BRDA:319,24,1,0
BRDA:348,25,0,0
BRDA:358,26,0,3
BRDA:373,27,0,0
BRDA:383,28,0,1
BRDA:398,29,0,0
BRDA:407,30,0,0
BRDA:412,31,0,2
BRDA:417,32,0,1
BRDA:425,33,0,0
BRDA:440,34,0,1
BRDA:455,35,0,0
BRDA:478,36,0,0
BRDA:485,37,0,1
BRDA:491,38,0,1
BRDA:496,39,0,1
BRDA:519,40,0,0
BRDA:526,41,0,1
BRDA:532,42,0,1
BRDA:537,43,0,1
BRDA:560,44,0,0
BRDA:567,45,0,1
BRDA:589,46,0,0
BRDA:599,47,0,1
BRDA:605,48,0,0
BRDA:605,49,0,1
BRDA:605,49,1,1
BRDA:620,50,0,0
BRDA:630,51,0,1
BRDA:646,52,0,13
BRDA:646,52,1,0
BRDA:672,53,0,11
BRDA:672,53,1,0
BRF:59
BRH:28
end_of_record
TN:
SF:src/adapters/db/postgres.ts
FN:13,(anonymous_0)
FN:20,(anonymous_1)
FN:43,(anonymous_2)
FN:54,(anonymous_3)
FN:119,(anonymous_4)
FN:131,(anonymous_5)
FN:157,(anonymous_6)
FN:179,(anonymous_7)
FN:201,(anonymous_8)
FN:303,(anonymous_9)
FN:322,(anonymous_10)
FN:348,(anonymous_11)
FN:370,(anonymous_12)
FN:392,(anonymous_13)
FN:452,(anonymous_14)
FN:471,(anonymous_15)
FN:505,(anonymous_16)
FN:539,(anonymous_17)
FN:572,(anonymous_18)
FN:599,(anonymous_19)
FN:624,(anonymous_20)
FN:645,(anonymous_21)
FNF:22
FNH:22
FNDA:38,(anonymous_0)
FNDA:2,(anonymous_1)
FNDA:2,(anonymous_2)
FNDA:1,(anonymous_3)
FNDA:34,(anonymous_4)
FNDA:2,(anonymous_5)
FNDA:3,(anonymous_6)
FNDA:2,(anonymous_7)
FNDA:2,(anonymous_8)
FNDA:2,(anonymous_9)
FNDA:1,(anonymous_10)
FNDA:2,(anonymous_11)
FNDA:2,(anonymous_12)
FNDA:2,(anonymous_13)
FNDA:2,(anonymous_14)
FNDA:3,(anonymous_15)
FNDA:3,(anonymous_16)
FNDA:3,(anonymous_17)
FNDA:2,(anonymous_18)
FNDA:2,(anonymous_19)
FNDA:7,(anonymous_20)
FNDA:7,(anonymous_21)
DA:4,1
DA:9,1
DA:11,38
DA:14,38
DA:21,2
DA:22,2
DA:27,2
DA:28,1
DA:31,1
DA:33,1
DA:35,1
DA:36,1
DA:44,2
DA:45,1
DA:46,1
DA:47,1
DA:55,1
DA:57,1
DA:58,1
DA:61,1
DA:80,1
DA:92,1
DA:93,1
DA:94,1
DA:95,1
DA:98,1
DA:99,1
DA:100,2
DA:106,1
DA:108,0
DA:109,0
DA:110,0
DA:112,1
DA:120,34
DA:121,0
DA:123,34
DA:132,2
DA:134,2
DA:135,2
DA:136,2
DA:138,2
DA:145,2
DA:147,0
DA:148,0
DA:150,2
DA:158,3
DA:160,3
DA:161,3
DA:163,2
DA:164,1
DA:167,1
DA:169,1
DA:170,1
DA:172,3
DA:180,2
DA:182,2
DA:183,2
DA:185,2
DA:186,1
DA:189,1
DA:191,0
DA:192,0
DA:194,2
DA:202,2
DA:204,2
DA:206,2
DA:207,2
DA:208,2
DA:210,2
DA:211,0
DA:212,0
DA:213,0
DA:216,2
DA:217,0
DA:218,0
DA:219,0
DA:222,2
DA:223,2
DA:224,2
DA:225,2
DA:228,2
DA:229,1
DA:230,1
DA:231,1
DA:234,2
DA:235,0
DA:236,0
DA:237,0
DA:240,2
DA:241,0
DA:242,0
DA:243,0
DA:246,2
DA:247,0
DA:248,0
DA:249,0
DA:252,2
DA:253,0
DA:254,0
DA:255,0
DA:258,2
DA:259,0
DA:260,0
DA:261,0
DA:264,2
DA:265,0
DA:266,0
DA:267,0
DA:271,2
DA:272,2
DA:273,2
DA:276,2
DA:278,2
DA:285,2
DA:287,2
DA:288,1
DA:291,1
DA:293,1
DA:294,1
DA:296,2
DA:304,2
DA:306,2
DA:307,2
DA:308,2
DA:310,0
DA:311,0
DA:313,2
DA:323,1
DA:325,1
DA:326,1
DA:327,1
DA:329,1
DA:336,1
DA:338,0
DA:339,0
DA:341,1
DA:349,2
DA:351,2
DA:352,2
DA:354,2
DA:355,1
DA:358,1
DA:360,0
DA:361,0
DA:363,2
DA:371,2
DA:373,2
DA:374,2
DA:376,2
DA:377,1
DA:380,1
DA:382,0
DA:383,0
DA:385,2
DA:393,2
DA:395,2
DA:397,2
DA:398,2
DA:399,2
DA:401,2
DA:402,0
DA:403,0
DA:404,0
DA:407,2
DA:408,2
DA:409,2
DA:410,2
DA:413,2
DA:414,1
DA:415,1
DA:416,1
DA:420,2
DA:421,2
DA:422,2
DA:425,2
DA:427,2
DA:434,2
DA:436,2
DA:437,1
DA:440,1
DA:442,1
DA:443,1
DA:445,2
DA:453,2
DA:455,2
DA:456,2
DA:457,2
DA:459,0
DA:460,0
DA:462,2
DA:472,3
DA:474,3
DA:476,3
DA:478,3
DA:479,1
DA:482,2
DA:485,2
DA:493,2
DA:495,1
DA:496,1
DA:498,3
DA:506,3
DA:508,3
DA:510,3
DA:512,3
DA:513,1
DA:516,2
DA:519,2
DA:527,2
DA:529,1
DA:530,1
DA:532,3
DA:540,3
DA:542,3
DA:544,3
DA:546,3
DA:547,1
DA:550,2
DA:553,2
DA:558,2
DA:560,1
DA:561,1
DA:563,3
DA:573,2
DA:575,2
DA:576,2
DA:583,2
DA:584,1
DA:587,1
DA:589,0
DA:590,0
DA:592,2
DA:600,2
DA:602,2
DA:603,2
DA:608,2
DA:609,1
DA:612,1
DA:614,0
DA:615,0
DA:617,2
DA:625,7
DA:646,7
LF:243
LH:194
BRDA:44,0,0,1
BRDA:120,1,0,0
BRDA:136,2,0,2
BRDA:136,2,1,2
BRDA:163,3,0,1
BRDA:185,4,0,1
BRDA:210,5,0,0
BRDA:216,6,0,0
BRDA:222,7,0,2
BRDA:228,8,0,1
BRDA:234,9,0,0
BRDA:240,10,0,0
BRDA:246,11,0,0
BRDA:252,12,0,0
BRDA:258,13,0,0
BRDA:264,14,0,0
BRDA:287,15,0,1
BRDA:327,16,0,1
BRDA:327,16,1,0
BRDA:354,17,0,1
BRDA:376,18,0,1
BRDA:401,19,0,0
BRDA:407,20,0,2
BRDA:413,21,0,1
BRDA:436,22,0,1
BRDA:478,23,0,1
BRDA:512,24,0,1
BRDA:546,25,0,1
BRDA:583,26,0,1
BRDA:608,27,0,1
BRF:30
BRH:19
end_of_record
TN:
SF:src/controllers/auth.ts
FN:13,(anonymous_0)
FN:20,(anonymous_1)
FN:52,(anonymous_2)
FN:79,(anonymous_3)
FN:99,(anonymous_4)
FN:126,(anonymous_5)
FN:150,(anonymous_6)
FNF:7
FNH:3
FNDA:2,(anonymous_0)
FNDA:3,(anonymous_1)
FNDA:3,(anonymous_2)
FNDA:0,(anonymous_3)
FNDA:0,(anonymous_4)
FNDA:0,(anonymous_5)
FNDA:0,(anonymous_6)
DA:2,2
DA:10,2
DA:14,2
DA:20,2
DA:21,3
DA:23,3
DA:24,3
DA:25,1
DA:26,1
DA:29,2
DA:32,2
DA:40,2
DA:42,2
DA:44,0
DA:45,0
DA:52,2
DA:53,3
DA:55,3
DA:56,3
DA:57,0
DA:58,0
DA:61,3
DA:64,3
DA:67,1
DA:69,1
DA:71,2
DA:72,2
DA:79,2
DA:80,0
DA:81,0
DA:82,0
DA:83,0
DA:87,0
DA:89,0
DA:91,0
DA:92,0
DA:99,2
DA:100,0
DA:102,0
DA:103,0
DA:104,0
DA:105,0
DA:108,0
DA:111,0
DA:116,0
DA:118,0
DA:119,0
DA:126,2
DA:127,0
DA:129,0
DA:130,0
DA:131,0
DA:132,0
DA:135,0
DA:138,0
DA:140,0
DA:142,0
DA:143,0
DA:150,2
DA:151,0
DA:153,0
DA:154,0
DA:155,0
DA:156,0
DA:159,0
DA:162,0
DA:164,0
DA:166,0
DA:167,0
LF:69
LH:27
BRDA:24,0,0,1
BRDA:44,1,0,0
BRDA:44,1,1,0
BRDA:56,2,0,0
BRDA:71,3,0,2
BRDA:71,3,1,0
BRDA:81,4,0,0
BRDA:91,5,0,0
BRDA:91,5,1,0
BRDA:103,6,0,0
BRDA:118,7,0,0
BRDA:118,7,1,0
BRDA:130,8,0,0
BRDA:142,9,0,0
BRDA:142,9,1,0
BRDA:154,10,0,0
BRDA:166,11,0,0
BRDA:166,11,1,0
BRF:18
BRH:2
end_of_record
TN:
SF:src/controllers/index.ts
FNF:0
FNH:0
DA:1,2
DA:2,2
LF:2
LH:2
BRF:0
BRH:0
end_of_record
TN:
SF:src/controllers/role.ts
FN:12,(anonymous_0)
FN:19,(anonymous_1)
FN:52,(anonymous_2)
FN:73,(anonymous_3)
FN:109,(anonymous_4)
FN:134,(anonymous_5)
FN:154,(anonymous_6)
FN:174,(anonymous_7)
FNF:8
FNH:5
FNDA:2,(anonymous_0)
FNDA:2,(anonymous_1)
FNDA:3,(anonymous_2)
FNDA:2,(anonymous_3)
FNDA:2,(anonymous_4)
FNDA:0,(anonymous_5)
FNDA:0,(anonymous_6)
FNDA:0,(anonymous_7)
DA:2,2
DA:9,2
DA:13,2
DA:19,2
DA:20,2
DA:22,2
DA:23,2
DA:24,0
DA:25,0
DA:28,2
DA:31,2
DA:37,1
DA:39,1
DA:41,1
DA:42,1
DA:44,0
DA:52,2
DA:53,3
DA:54,3
DA:56,3
DA:58,1
DA:60,2
DA:62,2
DA:63,2
DA:65,0
DA:73,2
DA:74,2
DA:76,2
DA:77,2
DA:78,0
DA:79,0
DA:82,2
DA:83,2
DA:86,2
DA:92,1
DA:94,1
DA:96,1
DA:97,1
DA:98,0
DA:99,0
DA:101,0
DA:109,2
DA:110,2
DA:111,2
DA:113,2
DA:115,1
DA:116,1
DA:118,0
DA:121,1
DA:123,1
DA:124,1
DA:126,0
DA:134,2
DA:135,0
DA:136,0
DA:138,0
DA:140,0
DA:141,0
DA:143,0
DA:146,0
DA:147,0
DA:154,2
DA:155,0
DA:156,0
DA:158,0
DA:160,0
DA:161,0
DA:163,0
DA:166,0
DA:167,0
DA:174,2
DA:175,0
DA:176,0
DA:178,0
DA:180,0
DA:182,0
DA:184,0
DA:185,0
DA:186,0
DA:187,0
DA:189,0
LF:81
LH:44
BRDA:23,0,0,0
BRDA:39,1,0,1
BRDA:39,1,1,0
BRDA:41,2,0,1
BRDA:41,2,1,0
BRDA:60,3,0,2
BRDA:60,3,1,0
BRDA:62,4,0,2
BRDA:62,4,1,0
BRDA:77,5,0,0
BRDA:94,6,0,1
BRDA:94,6,1,0
BRDA:96,7,0,1
BRDA:96,7,1,0
BRDA:98,8,0,0
BRDA:98,8,1,0
BRDA:115,9,0,1
BRDA:115,9,1,0
BRDA:121,10,0,1
BRDA:121,10,1,0
BRDA:123,11,0,1
BRDA:123,11,1,0
BRDA:140,12,0,0
BRDA:140,12,1,0
BRDA:146,13,0,0
BRDA:146,13,1,0
BRDA:160,14,0,0
BRDA:160,14,1,0
BRDA:166,15,0,0
BRDA:166,15,1,0
BRDA:182,16,0,0
BRDA:182,16,1,0
BRDA:184,17,0,0
BRDA:184,17,1,0
BRDA:186,18,0,0
BRDA:186,18,1,0
BRF:36
BRH:9
end_of_record
TN:
SF:src/middleware/auth.ts
FN:15,(anonymous_1)
FN:24,(anonymous_2)
FN:25,(anonymous_3)
FN:72,(anonymous_4)
FN:73,(anonymous_5)
FN:96,(anonymous_6)
FN:97,(anonymous_7)
FN:103,(anonymous_8)
FN:121,(anonymous_9)
FN:122,(anonymous_10)
FN:128,(anonymous_11)
FNF:11
FNH:11
FNDA:18,(anonymous_1)
FNDA:21,(anonymous_2)
FNDA:14,(anonymous_3)
FNDA:15,(anonymous_4)
FNDA:12,(anonymous_5)
FNDA:2,(anonymous_6)
FNDA:2,(anonymous_7)
FNDA:4,(anonymous_8)
FNDA:2,(anonymous_9)
FNDA:2,(anonymous_10)
FNDA:4,(anonymous_11)
DA:2,3
DA:11,3
DA:16,18
DA:17,18
DA:25,21
DA:26,14
DA:28,14
DA:29,14
DA:30,2
DA:31,1
DA:32,1
DA:34,1
DA:37,12
DA:40,12
DA:43,11
DA:44,11
DA:45,1
DA:46,1
DA:47,1
DA:49,0
DA:53,10
DA:54,10
DA:56,10
DA:58,1
DA:59,1
DA:60,1
DA:62,0
DA:73,15
DA:74,12
DA:75,1
DA:76,1
DA:79,11
DA:80,1
DA:81,1
DA:82,1
DA:84,0
DA:87,10
DA:97,2
DA:98,2
DA:99,0
DA:100,0
DA:103,4
DA:104,2
DA:105,1
DA:106,1
DA:107,1
DA:109,0
DA:112,1
DA:122,2
DA:123,2
DA:124,0
DA:125,0
DA:128,4
DA:129,2
DA:130,1
DA:131,1
DA:132,1
DA:134,0
DA:137,1
LF:59
LH:50
BRDA:24,0,0,2
BRDA:29,1,0,2
BRDA:29,2,0,14
BRDA:29,2,1,12
BRDA:30,3,0,1
BRDA:44,4,0,1
BRDA:45,5,0,1
BRDA:58,6,0,1
BRDA:72,7,0,2
BRDA:74,8,0,1
BRDA:79,9,0,1
BRDA:80,10,0,1
BRDA:96,11,0,1
BRDA:98,12,0,0
BRDA:104,13,0,1
BRDA:105,14,0,1
BRDA:121,15,0,1
BRDA:123,16,0,0
BRDA:129,17,0,1
BRDA:130,18,0,1
BRF:20
BRH:18
end_of_record
TN:
SF:src/middleware/index.ts
FN:1,(anonymous_4)
FNF:1
FNH:1
FNDA:18,(anonymous_4)
DA:1,21
DA:2,3
LF:2
LH:2
BRF:0
BRH:0
end_of_record
TN:
SF:src/models/index.ts
FNF:0
FNH:0
DA:1,2
DA:2,2
LF:2
LH:2
BRF:0
BRH:0
end_of_record
TN:
SF:src/routes/auth.ts
FN:21,setupAuthRoutes
FNF:1
FNH:1
FNDA:2,setupAuthRoutes
DA:2,2
DA:3,2
DA:6,2
DA:7,2
DA:21,2
DA:23,2
DA:26,2
DA:29,2
DA:32,2
DA:33,2
DA:34,2
DA:35,2
DA:36,2
DA:37,2
LF:14
LH:14
BRF:0
BRH:0
end_of_record
TN:
SF:src/routes/index.ts
FN:14,setupRoutes
FNF:1
FNH:1
FNDA:2,setupRoutes
DA:2,2
DA:5,2
DA:6,2
DA:14,2
DA:16,2
DA:23,2
DA:26,2
DA:29,2
LF:8
LH:8
BRF:0
BRH:0
end_of_record
TN:
SF:src/routes/role.ts
FN:21,setupRoleRoutes
FNF:1
FNH:1
FNDA:2,setupRoleRoutes
DA:2,2
DA:3,2
DA:6,2
DA:7,2
DA:21,2
DA:23,2
DA:26,2
DA:29,2
DA:33,2
DA:40,2
DA:47,2
DA:54,2
DA:62,2
DA:69,2
DA:76,2
LF:15
LH:15
BRF:0
BRH:0
end_of_record
TN:
SF:src/services/auth.ts
FN:16,(anonymous_1)
FN:25,(anonymous_2)
FN:56,(anonymous_3)
FN:88,(anonymous_4)
FN:113,(anonymous_5)
FN:143,(anonymous_6)
FN:168,(anonymous_7)
FN:180,(anonymous_8)
FNF:8
FNH:8
FNDA:16,(anonymous_1)
FNDA:4,(anonymous_2)
FNDA:7,(anonymous_3)
FNDA:2,(anonymous_4)
FNDA:3,(anonymous_5)
FNDA:3,(anonymous_6)
FNDA:6,(anonymous_7)
FNDA:3,(anonymous_8)
DA:1,4
DA:2,4
DA:3,4
DA:12,4
DA:17,16
DA:18,16
DA:27,4
DA:28,4
DA:29,1
DA:33,3
DA:34,3
DA:37,3
DA:43,3
DA:46,3
DA:48,3
DA:58,7
DA:59,7
DA:60,1
DA:64,6
DA:65,1
DA:69,5
DA:70,5
DA:71,3
DA:75,2
DA:78,2
DA:79,2
DA:81,2
DA:90,2
DA:91,2
DA:92,1
DA:96,1
DA:97,1
DA:100,1
DA:105,1
DA:115,3
DA:116,3
DA:117,1
DA:121,2
DA:122,1
DA:126,1
DA:127,1
DA:130,1
DA:136,1
DA:144,3
DA:146,3
DA:149,2
DA:150,2
DA:151,1
DA:155,1
DA:156,1
DA:158,1
DA:160,2
DA:169,6
DA:181,3
LF:54
LH:54
BRDA:28,0,0,1
BRDA:40,1,0,3
BRDA:40,1,1,3
BRDA:59,2,0,1
BRDA:64,3,0,1
BRDA:70,4,0,3
BRDA:91,5,0,1
BRDA:116,6,0,1
BRDA:121,7,0,1
BRDA:121,8,0,2
BRDA:121,8,1,2
BRDA:150,9,0,1
BRF:12
BRH:12
end_of_record
TN:
SF:src/services/index.ts
FN:1,(anonymous_0)
FN:2,(anonymous_1)
FNF:2
FNH:2
FNDA:16,(anonymous_0)
FNDA:11,(anonymous_1)
DA:1,20
DA:2,15
LF:2
LH:2
BRF:0
BRH:0
end_of_record
TN:
SF:src/services/role.ts
FN:13,(anonymous_0)
FN:22,(anonymous_1)
FN:36,(anonymous_2)
FN:49,(anonymous_3)
FN:63,(anonymous_4)
FN:85,(anonymous_5)
FN:100,(anonymous_6)
FN:109,(anonymous_7)
FN:117,(anonymous_8)
FNF:9
FNH:5
FNDA:11,(anonymous_0)
FNDA:4,(anonymous_1)
FNDA:5,(anonymous_2)
FNDA:0,(anonymous_3)
FNDA:5,(anonymous_4)
FNDA:4,(anonymous_5)
FNDA:0,(anonymous_6)
FNDA:0,(anonymous_7)
FNDA:0,(anonymous_8)
DA:9,4
DA:14,11
DA:15,11
DA:24,4
DA:25,4
DA:26,2
DA:29,2
DA:37,5
DA:38,5
DA:39,3
DA:42,2
DA:50,0
DA:51,0
DA:52,0
DA:55,0
DA:65,5
DA:66,5
DA:67,2
DA:71,3
DA:72,1
DA:73,1
DA:74,1
DA:78,2
DA:87,4
DA:88,4
DA:89,2
DA:92,2
DA:101,0
DA:110,0
DA:118,0
LF:30
LH:23
BRDA:25,0,0,2
BRDA:38,1,0,3
BRDA:51,2,0,0
BRDA:66,3,0,2
BRDA:71,4,0,1
BRDA:71,5,0,3
BRDA:71,5,1,1
BRDA:73,6,0,1
BRDA:73,7,0,1
BRDA:73,7,1,1
BRDA:88,8,0,2
BRF:11
BRH:10
end_of_record
TN:
SF:src/utils/index.ts
FNF:0
FNH:0
DA:1,0
LF:1
LH:0
BRF:0
BRH:0
end_of_record
TN:
SF:src/utils/validation.ts
FNF:0
FNH:0
DA:1,2
DA:6,2
DA:26,2
DA:38,2
DA:47,2
DA:59,2
DA:68,2
DA:85,2
DA:106,2
DA:115,2
DA:127,2
LF:11
LH:11
BRF:0
BRH:0
end_of_record
